[debug] [2025-01-26T15:48:45.155Z] ----------------------------------------------------------------------
[debug] [2025-01-26T15:48:45.157Z] Command:       C:\Program Files\nodejs\node.exe C:\Users\User\AppData\Roaming\npm\node_modules\firebase-tools\lib\bin\firebase.js init
[debug] [2025-01-26T15:48:45.157Z] CLI Version:   13.29.2
[debug] [2025-01-26T15:48:45.157Z] Platform:      win32
[debug] [2025-01-26T15:48:45.157Z] Node Version:  v18.17.0
[debug] [2025-01-26T15:48:45.158Z] Time:          Sun Jan 26 2025 15:48:45 GMT+0000 (Greenwich Ortalama Saati)
[debug] [2025-01-26T15:48:45.158Z] ----------------------------------------------------------------------
[debug] 
[debug] [2025-01-26T15:48:45.324Z] > command requires scopes: ["email","openid","https://www.googleapis.com/auth/cloudplatformprojects.readonly","https://www.googleapis.com/auth/firebase","https://www.googleapis.com/auth/cloud-platform"]
[debug] [2025-01-26T15:48:45.325Z] > authorizing via signed-in user (yarkinerg@gmail.com)
[info] 
     ######## #### ########  ######## ########     ###     ######  ########
     ##        ##  ##     ## ##       ##     ##  ##   ##  ##       ##
     ######    ##  ########  ######   ########  #########  ######  ######
     ##        ##  ##    ##  ##       ##     ## ##     ##       ## ##
     ##       #### ##     ## ######## ########  ##     ##  ######  ########

You're about to initialize a Firebase project in this directory:

  C:\Users\User\OneDrive\Belgeler\GitHub\my-web

Before we get started, keep in mind:

  * You are initializing within an existing Firebase project directory

